<?xml version="1.0" encoding="UTF-8"?>
<!-- Generated by org.testng.reporters.JUnitReportReporter -->
<testsuite hostname="PLSDSK018" failures="0" tests="1" name="testNG.day1" time="11.057" errors="0" timestamp="2025-09-09T15:43:10 IST" skipped="0">
  <testcase classname="testNG.day1" name="learntest" time="11.057"/>
</testsuite> <!-- testNG.day1 -->
